Using pre-set license
Built from '2020.3/release' branch; Version is '2020.3.1f1 (77a89f25062f) revision 7841951'; Using compiler version '192528614'; Build Type 'Release'
OS: 'Windows 10 Pro; OS build 19043.1288; Version 2009; 64bit' Language: 'tr' Physical Memory: 8076 MB
BatchMode: 1, IsHumanControllingUs: 0, StartBugReporterOnCrash: 0, Is64bit: 1, IsPro: 0

 COMMAND LINE ARGUMENTS:
C:\Program Files\Unity\Hub\Editor\2020.3.1f1\Editor\Unity.exe
-adb2
-batchMode
-noUpm
-name
AssetImportWorker0
-projectPath
C:/Users/Ölü Ruhların Dansı/Desktop/AmazingShooter
-logFile
Logs/AssetImportWorker0.log
-srvPort
1044
Successfully changed project path to: C:/Users/Ölü Ruhların Dansı/Desktop/AmazingShooter
C:/Users/Ölü Ruhların Dansı/Desktop/AmazingShooter
Using Asset Import Pipeline V2.
Refreshing native plugins compatible for Editor in 32.96 ms, found 0 plugins.
Preloading 0 native plugins for Editor in 0.00 ms.
Initialize engine version: 2020.3.1f1 (77a89f25062f)
[Subsystems] Discovering subsystems at path C:/Program Files/Unity/Hub/Editor/2020.3.1f1/Editor/Data/Resources/UnitySubsystems
[Subsystems] Discovering subsystems at path C:/Users/Ölü Ruhların Dansı/Desktop/AmazingShooter/Assets
GfxDevice: creating device client; threaded=0
Direct3D:
    Version:  Direct3D 11.0 [level 11.0]
    Renderer: NVIDIA GeForce GTX 960M (ID=0x139b)
    Vendor:   
    VRAM:     2010 MB
    Driver:   30.0.14.9613
Initialize mono
Mono path[0] = 'C:/Program Files/Unity/Hub/Editor/2020.3.1f1/Editor/Data/Managed'
Mono path[1] = 'C:/Program Files/Unity/Hub/Editor/2020.3.1f1/Editor/Data/MonoBleedingEdge/lib/mono/unityjit'
Mono config path = 'C:/Program Files/Unity/Hub/Editor/2020.3.1f1/Editor/Data/MonoBleedingEdge/etc'
Using monoOptions --debugger-agent=transport=dt_socket,embedding=1,server=y,suspend=n,address=127.0.0.1:56276
Begin MonoManager ReloadAssembly
Registering precompiled unity dll's ...
Register platform support module: C:/Program Files/Unity/Hub/Editor/2020.3.1f1/Editor/Data/PlaybackEngines/WindowsStandaloneSupport/UnityEditor.WindowsStandalone.Extensions.dll
Registered in 0.004445 seconds.
Native extension for WindowsStandalone target not found
Refreshing native plugins compatible for Editor in 31.22 ms, found 0 plugins.
Preloading 0 native plugins for Editor in 0.00 ms.
Invoked RoslynAnalysisRunner static constructor.
RoslynAnalysisRunner will not be running.
RoslynAnalysisRunner has terminated.
Mono: successfully reloaded assembly
- Completed reload, in  1.316 seconds
Platform modules already initialized, skipping
Registering precompiled user dll's ...
Registered in 0.001582 seconds.
Begin MonoManager ReloadAssembly
Native extension for WindowsStandalone target not found
Refreshing native plugins compatible for Editor in 0.69 ms, found 0 plugins.
Preloading 0 native plugins for Editor in 0.00 ms.
Invoked RoslynAnalysisRunner static constructor.
RoslynAnalysisRunner will not be running.
RoslynAnalysisRunner has terminated.
Mono: successfully reloaded assembly
- Completed reload, in  1.084 seconds
Platform modules already initialized, skipping
========================================================================
Worker process is ready to serve import requests
Launched and connected shader compiler UnityShaderCompiler.exe after 0.06 seconds
Refreshing native plugins compatible for Editor in 0.33 ms, found 0 plugins.
Preloading 0 native plugins for Editor in 0.00 ms.
Unloading 1289 Unused Serialized files (Serialized files now loaded: 0)
System memory in use before: 83.8 MB.
System memory in use after: 83.8 MB.

Unloading 10 unused Assets to reduce memory usage. Loaded Objects now: 1754.
Total: 2.692600 ms (FindLiveObjects: 0.291500 ms CreateObjectMapping: 0.082100 ms MarkObjects: 2.183800 ms  DeleteObjects: 0.133300 ms)

========================================================================
Received Import Request.
  path: Assets/Scripts/Weapons/BulletObjectPool.cs
  artifactKey: Guid(682aed84ced0c564c8a103fda67af7f8) Importer(815301076,1909f56bfc062723c751e8b465ee728b)
Start importing Assets/Scripts/Weapons/BulletObjectPool.cs using Guid(682aed84ced0c564c8a103fda67af7f8) Importer(815301076,1909f56bfc062723c751e8b465ee728b)  -> (artifact id: '5128e4acac1b796797bf0df954ac504a') in 0.050295 seconds
  Import took 0.056193 seconds .

========================================================================
Received Prepare
Registering precompiled user dll's ...
Registered in 0.001040 seconds.
Begin MonoManager ReloadAssembly
Native extension for WindowsStandalone target not found
Refreshing native plugins compatible for Editor in 0.28 ms, found 0 plugins.
Preloading 0 native plugins for Editor in 0.00 ms.
Invoked RoslynAnalysisRunner static constructor.
RoslynAnalysisRunner will not be running.
RoslynAnalysisRunner has terminated.
Mono: successfully reloaded assembly
- Completed reload, in  1.323 seconds
Platform modules already initialized, skipping
Refreshing native plugins compatible for Editor in 0.39 ms, found 0 plugins.
Preloading 0 native plugins for Editor in 0.00 ms.
Unloading 1267 Unused Serialized files (Serialized files now loaded: 0)
System memory in use before: 82.5 MB.
System memory in use after: 82.6 MB.

Unloading 7 unused Assets to reduce memory usage. Loaded Objects now: 1756.
Total: 5.236600 ms (FindLiveObjects: 0.314800 ms CreateObjectMapping: 0.168700 ms MarkObjects: 4.534500 ms  DeleteObjects: 0.215700 ms)

========================================================================
Received Import Request.
  Time since last request: 125.339235 seconds.
  path: Assets/Scripts/Weapons/Gun.cs
  artifactKey: Guid(f1390017e5b9396448e671c214e677cd) Importer(815301076,1909f56bfc062723c751e8b465ee728b)
Start importing Assets/Scripts/Weapons/Gun.cs using Guid(f1390017e5b9396448e671c214e677cd) Importer(815301076,1909f56bfc062723c751e8b465ee728b)  -> (artifact id: '23771276ac3be889af7b68df0be37481') in 0.020351 seconds
  Import took 0.025383 seconds .

========================================================================
Received Prepare
Registering precompiled user dll's ...
Registered in 0.001030 seconds.
Begin MonoManager ReloadAssembly
Native extension for WindowsStandalone target not found
Refreshing native plugins compatible for Editor in 0.30 ms, found 0 plugins.
Preloading 0 native plugins for Editor in 0.00 ms.
Invoked RoslynAnalysisRunner static constructor.
RoslynAnalysisRunner will not be running.
RoslynAnalysisRunner has terminated.
Mono: successfully reloaded assembly
- Completed reload, in  1.121 seconds
Platform modules already initialized, skipping
Refreshing native plugins compatible for Editor in 0.56 ms, found 0 plugins.
Preloading 0 native plugins for Editor in 0.00 ms.
Unloading 1267 Unused Serialized files (Serialized files now loaded: 0)
System memory in use before: 82.5 MB.
System memory in use after: 82.6 MB.

Unloading 6 unused Assets to reduce memory usage. Loaded Objects now: 1759.
Total: 5.469300 ms (FindLiveObjects: 1.011600 ms CreateObjectMapping: 0.389500 ms MarkObjects: 3.923000 ms  DeleteObjects: 0.142100 ms)

========================================================================
Received Import Request.
  Time since last request: 89.414814 seconds.
  path: Assets/Scripts/Weapons/Gun.cs
  artifactKey: Guid(f1390017e5b9396448e671c214e677cd) Importer(815301076,1909f56bfc062723c751e8b465ee728b)
Start importing Assets/Scripts/Weapons/Gun.cs using Guid(f1390017e5b9396448e671c214e677cd) Importer(815301076,1909f56bfc062723c751e8b465ee728b)  -> (artifact id: 'bfef839344cf7cf34e11392a1b07e520') in 0.009378 seconds
  Import took 0.015077 seconds .

========================================================================
Received Import Request.
  Time since last request: 43.756578 seconds.
  path: Assets/Scripts/Player/WeaponController.cs
  artifactKey: Guid(4ffa140a73042f24fbf00d6eeecc435c) Importer(815301076,1909f56bfc062723c751e8b465ee728b)
Start importing Assets/Scripts/Player/WeaponController.cs using Guid(4ffa140a73042f24fbf00d6eeecc435c) Importer(815301076,1909f56bfc062723c751e8b465ee728b)  -> (artifact id: 'ee2661b5ea685616cc62802360c1c314') in 0.016383 seconds
  Import took 0.020489 seconds .

========================================================================
Received Import Request.
  Time since last request: 0.005488 seconds.
  path: Assets/Scripts/Player/WeaponController.cs
  artifactKey: Guid(4ffa140a73042f24fbf00d6eeecc435c) Importer(815301076,1909f56bfc062723c751e8b465ee728b)
Start importing Assets/Scripts/Player/WeaponController.cs using Guid(4ffa140a73042f24fbf00d6eeecc435c) Importer(815301076,1909f56bfc062723c751e8b465ee728b)  -> (artifact id: 'ee2661b5ea685616cc62802360c1c314') in 0.010313 seconds
  Import took 0.014823 seconds .

========================================================================
Received Prepare
Registering precompiled user dll's ...
Registered in 0.005426 seconds.
Begin MonoManager ReloadAssembly
Native extension for WindowsStandalone target not found
Refreshing native plugins compatible for Editor in 0.32 ms, found 0 plugins.
Preloading 0 native plugins for Editor in 0.00 ms.
Invoked RoslynAnalysisRunner static constructor.
RoslynAnalysisRunner will not be running.
RoslynAnalysisRunner has terminated.
Mono: successfully reloaded assembly
- Completed reload, in  1.668 seconds
Platform modules already initialized, skipping
Refreshing native plugins compatible for Editor in 0.61 ms, found 0 plugins.
Preloading 0 native plugins for Editor in 0.02 ms.
Unloading 1267 Unused Serialized files (Serialized files now loaded: 0)
System memory in use before: 82.6 MB.
System memory in use after: 82.6 MB.

Unloading 6 unused Assets to reduce memory usage. Loaded Objects now: 1762.
Total: 22.987300 ms (FindLiveObjects: 6.212300 ms CreateObjectMapping: 1.128100 ms MarkObjects: 15.244800 ms  DeleteObjects: 0.397800 ms)

AssetImportWorkerClient::OnTransportError - code=2 error=End of file
